<?xml version="1.0" encoding="UTF-8"?>
<testng-results ignored="0" total="1" passed="0" failed="1" skipped="0">
  <reporter-output>
    <line>
      <![CDATA[Contact link clicked]]>
    </line>
    <line>
      <![CDATA[Create Contact Button clicked]]>
    </line>
  </reporter-output>
  <suite started-at="2025-08-22T10:21:52 IST" name="Default suite" finished-at="2025-08-22T10:22:04 IST" duration-ms="11505">
    <groups>
      <group name="RegressionSuite">
        <method signature="ContactTest.tc_002_CreateContact()[pri:0, instance:practice.ContactTest@2a5c8d3f]" name="tc_002_CreateContact" class="practice.ContactTest"/>
      </group> <!-- RegressionSuite -->
    </groups>
    <test started-at="2025-08-22T10:21:52 IST" name="Default test" finished-at="2025-08-22T10:22:04 IST" duration-ms="11505">
      <class name="practice.ContactTest">
        <test-method is-config="true" signature="bsConfig()[pri:0, instance:practice.ContactTest@2a5c8d3f]" started-at="2025-08-22T10:21:52 IST" name="bsConfig" finished-at="2025-08-22T10:21:52 IST" duration-ms="16" status="PASS">
          <reporter-output>
          </reporter-output>
        </test-method> <!-- bsConfig -->
        <test-method is-config="true" signature="bcConfig()[pri:0, instance:practice.ContactTest@2a5c8d3f]" started-at="2025-08-22T10:21:53 IST" name="bcConfig" finished-at="2025-08-22T10:21:59 IST" duration-ms="6762" status="PASS">
          <reporter-output>
          </reporter-output>
        </test-method> <!-- bcConfig -->
        <test-method is-config="true" signature="btConfig()[pri:0, instance:practice.ContactTest@2a5c8d3f]" started-at="2025-08-22T10:21:59 IST" name="btConfig" finished-at="2025-08-22T10:22:00 IST" duration-ms="803" status="PASS">
          <reporter-output>
          </reporter-output>
        </test-method> <!-- btConfig -->
        <test-method signature="tc_002_CreateContact()[pri:0, instance:practice.ContactTest@2a5c8d3f]" started-at="2025-08-22T10:22:00 IST" name="tc_002_CreateContact" finished-at="2025-08-22T10:22:02 IST" duration-ms="2121" status="FAIL">
          <exception class="java.lang.AssertionError">
            <message>
              <![CDATA[null]]>
            </message>
            <full-stacktrace>
              <![CDATA[java.lang.AssertionError: null
at org.testng.Assert.fail(Assert.java:111)
at org.testng.Assert.fail(Assert.java:116)
at practice.ContactTest.tc_002_CreateContact(ContactTest.java:38)
at java.base/jdk.internal.reflect.DirectMethodHandleAccessor.invoke(DirectMethodHandleAccessor.java:103)
at java.base/java.lang.reflect.Method.invoke(Method.java:580)
at org.testng.internal.invokers.MethodInvocationHelper.invokeMethod(MethodInvocationHelper.java:141)
at org.testng.internal.invokers.TestInvoker.invokeMethod(TestInvoker.java:687)
at org.testng.internal.invokers.TestInvoker.invokeTestMethod(TestInvoker.java:230)
at org.testng.internal.invokers.MethodRunner.runInSequence(MethodRunner.java:63)
at org.testng.internal.invokers.TestInvoker$MethodInvocationAgent.invoke(TestInvoker.java:995)
at org.testng.internal.invokers.TestInvoker.invokeTestMethods(TestInvoker.java:203)
at org.testng.internal.invokers.TestMethodWorker.invokeTestMethods(TestMethodWorker.java:154)
at org.testng.internal.invokers.TestMethodWorker.run(TestMethodWorker.java:134)
at java.base/java.util.ArrayList.forEach(ArrayList.java:1596)
at org.testng.TestRunner.privateRun(TestRunner.java:741)
at org.testng.TestRunner.run(TestRunner.java:616)
at org.testng.SuiteRunner.runTest(SuiteRunner.java:421)
at org.testng.SuiteRunner.runSequentially(SuiteRunner.java:413)
at org.testng.SuiteRunner.privateRun(SuiteRunner.java:373)
at org.testng.SuiteRunner.run(SuiteRunner.java:312)
at org.testng.SuiteRunnerWorker.runSuite(SuiteRunnerWorker.java:52)
at org.testng.SuiteRunnerWorker.run(SuiteRunnerWorker.java:95)
at org.testng.TestNG.runSuitesSequentially(TestNG.java:1274)
at org.testng.TestNG.runSuitesLocally(TestNG.java:1208)
at org.testng.TestNG.runSuites(TestNG.java:1112)
at org.testng.TestNG.run(TestNG.java:1079)
at org.testng.remote.AbstractRemoteTestNG.run(AbstractRemoteTestNG.java:115)
at org.testng.remote.RemoteTestNG.initAndRun(RemoteTestNG.java:293)
at org.testng.remote.RemoteTestNG.main(RemoteTestNG.java:91)
]]>
            </full-stacktrace>
          </exception> <!-- java.lang.AssertionError -->
          <reporter-output>
            <line>
              <![CDATA[Contact link clicked]]>
            </line>
            <line>
              <![CDATA[Create Contact Button clicked]]>
            </line>
          </reporter-output>
        </test-method> <!-- tc_002_CreateContact -->
        <test-method is-config="true" signature="atConfig()[pri:0, instance:practice.ContactTest@2a5c8d3f]" started-at="2025-08-22T10:22:03 IST" name="atConfig" finished-at="2025-08-22T10:22:03 IST" duration-ms="710" status="PASS">
          <reporter-output>
          </reporter-output>
        </test-method> <!-- atConfig -->
        <test-method is-config="true" signature="acConfig()[pri:0, instance:practice.ContactTest@2a5c8d3f]" started-at="2025-08-22T10:22:03 IST" name="acConfig" finished-at="2025-08-22T10:22:04 IST" duration-ms="339" status="PASS">
          <reporter-output>
          </reporter-output>
        </test-method> <!-- acConfig -->
        <test-method is-config="true" signature="closeConfig()[pri:0, instance:practice.ContactTest@2a5c8d3f]" started-at="2025-08-22T10:22:04 IST" name="closeConfig" finished-at="2025-08-22T10:22:04 IST" duration-ms="1" status="PASS">
          <reporter-output>
          </reporter-output>
        </test-method> <!-- closeConfig -->
      </class> <!-- practice.ContactTest -->
    </test> <!-- Default test -->
  </suite> <!-- Default suite -->
</testng-results>
